#
# A fatal error has been detected by the Java Runtime Environment:
#
#  SIGSEGV (0xb) at pc=0x00007f72cd127fb2, pid=1069, tid=1107
#
# JRE version: Java(TM) SE Runtime Environment (9.0+11) (build 9.0.4+11)
# Java VM: Java HotSpot(TM) 64-Bit Server VM (9.0.4+11, mixed mode, tiered, compressed oops, g1 gc, linux-amd64)
# Problematic frame:
# C  [libjimage.so+0x3fb2]  ImageStrings::find(Endian*, char const*, int*, unsigned int)+0x42
#
# No core dump will be written. Core dumps have been disabled. To enable core dumping, try "ulimit -c unlimited" before starting Java again
#
# If you would like to submit a bug report, please visit:
#   http://bugreport.java.com/bugreport/crash.jsp
#

---------------  S U M M A R Y ------------

Command Line: -agentlib:jdwp=transport=dt_socket,suspend=y,address=localhost:38645 -javaagent:/home/chrx/.eclipse/org.eclipse.platform_4.7.0_185596441_linux_gtk_x86_64/configuration/org.eclipse.osgi/228/0/.cp/lib/javaagent-shaded.jar -Dfile.encoding=UTF-8 VendingMachineDriver

Host: Intel(R) Celeron(R) CPU 3215U @ 1.70GHz, 2 cores, 3G, GalliumOS 2.1
Time: Fri Apr 20 13:05:30 2018 CDT elapsed time: 2867 seconds (0d 0h 47m 47s)

---------------  T H R E A D  ---------------

Current thread (0x00007f72c8158800):  JavaThread "Signal Dispatcher" daemon [_thread_in_vm, id=1107, stack(0x00007f7294121000,0x00007f7294222000)]

Stack: [0x00007f7294121000,0x00007f7294222000],  sp=0x00007f729421f2c0,  free space=1016k
Native frames: (J=compiled Java code, A=aot compiled Java code, j=interpreted, Vv=VM code, C=native code)
C  [libjimage.so+0x3fb2]  ImageStrings::find(Endian*, char const*, int*, unsigned int)+0x42
C  [libjimage.so+0x4b8c]  ImageFileReader::find_location_index(char const*, unsigned long long*) const+0x3c
C  [libjimage.so+0x505a]  JIMAGE_FindResource+0xba
V  [libjvm.so+0x5aae8e]